<?xml version="1.0" encoding="UTF-8"?>
<!-- Generated by org.testng.reporters.JUnitXMLReporter -->
<testsuite ignored="0" hostname="LTIN189892" failures="0" tests="20" name="chromeTest" time="188.482" errors="0" timestamp="2024-03-05T21:58:19 IST">
  <testcase classname="testCases.BaseClass" name="@BeforeClass setup" time="185.097">
    <failure type="org.openqa.selenium.SessionNotCreatedException" message="Could not start a new session. Possible causes are invalid address of the remote server or browser start-up failure. 
Host info: host: &amp;apos;LTIN189892&amp;apos;, ip: &amp;apos;192.168.1.35&amp;apos;">
      <![CDATA[org.openqa.selenium.SessionNotCreatedException: Could not start a new session. Possible causes are invalid address of the remote server or browser start-up failure. 
Host info: host: 'LTIN189892', ip: '192.168.1.35'
at org.openqa.selenium.remote.RemoteWebDriver.execute(RemoteWebDriver.java:537)
at org.openqa.selenium.remote.RemoteWebDriver.startSession(RemoteWebDriver.java:233)
at org.openqa.selenium.remote.RemoteWebDriver.<init>(RemoteWebDriver.java:162)
at org.openqa.selenium.remote.RemoteWebDriver.<init>(RemoteWebDriver.java:142)
at testCases.BaseClass.setup(BaseClass.java:58)
at java.base/java.util.ArrayList.forEach(ArrayList.java:1511)
Caused by: org.openqa.selenium.TimeoutException: java.util.concurrent.TimeoutException
Build info: version: '4.17.0', revision: 'e52b1be057*'
System info: os.name: 'Windows 11', os.arch: 'amd64', os.version: '10.0', java.version: '17.0.9'
Driver info: driver.version: RemoteWebDriver
at org.openqa.selenium.remote.http.jdk.JdkHttpClient.execute0(JdkHttpClient.java:402)
at org.openqa.selenium.remote.http.AddSeleniumUserAgent.lambda$apply$0(AddSeleniumUserAgent.java:42)
at org.openqa.selenium.remote.http.Filter.lambda$andFinally$1(Filter.java:55)
at org.openqa.selenium.remote.http.jdk.JdkHttpClient.execute(JdkHttpClient.java:358)
at org.openqa.selenium.remote.tracing.TracedHttpClient.execute(TracedHttpClient.java:54)
at org.openqa.selenium.remote.ProtocolHandshake.createSession(ProtocolHandshake.java:114)
at org.openqa.selenium.remote.ProtocolHandshake.createSession(ProtocolHandshake.java:95)
at org.openqa.selenium.remote.ProtocolHandshake.createSession(ProtocolHandshake.java:67)
at org.openqa.selenium.remote.HttpCommandExecutor.execute(HttpCommandExecutor.java:162)
at org.openqa.selenium.remote.TracedCommandExecutor.execute(TracedCommandExecutor.java:51)
at org.openqa.selenium.remote.RemoteWebDriver.execute(RemoteWebDriver.java:519)
... 30 more
Caused by: java.util.concurrent.TimeoutException
at java.base/java.util.concurrent.CompletableFuture.timedGet(CompletableFuture.java:1960)
at java.base/java.util.concurrent.CompletableFuture.get(CompletableFuture.java:2095)
at org.openqa.selenium.remote.http.jdk.JdkHttpClient.execute0(JdkHttpClient.java:385)
... 40 more
... Removed 25 stack frames]]>
    </failure>
  </testcase> <!-- @BeforeClass setup -->
  <testcase classname="testCases.BaseClass" name="@AfterClass teardown" time="0.0">
    <skipped/>
  </testcase> <!-- @AfterClass teardown -->
  <testcase classname="testCases.Test_001" name="verifyValidCarWebPage" time="0.0">
    <skipped/>
  </testcase> <!-- verifyValidCarWebPage -->
  <testcase classname="testCases.Test_001" name="dataFillingInCarLoan" time="0.0">
    <skipped/>
  </testcase> <!-- dataFillingInCarLoan -->
  <testcase classname="testCases.Test_001" name="verifyValidHomeWebPage" time="0.001">
    <skipped/>
  </testcase> <!-- verifyValidHomeWebPage -->
  <testcase classname="testCases.Test_001" name="uiHomeLoanEmiCalculator" time="0.0">
    <skipped/>
  </testcase> <!-- uiHomeLoanEmiCalculator -->
  <testcase classname="testCases.Test_001" name="uiHomeOwnerExpenses" time="0.001">
    <skipped/>
  </testcase> <!-- uiHomeOwnerExpenses -->
  <testcase classname="testCases.Test_001" name="dataFillingInHomeLoan" time="0.001">
    <skipped/>
  </testcase> <!-- dataFillingInHomeLoan -->
  <testcase classname="testCases.Test_001" name="verifyValidLoanWebPage" time="0.001">
    <skipped/>
  </testcase> <!-- verifyValidLoanWebPage -->
  <testcase classname="testCases.Test_001" name="ecLoanAmount" time="0.001">
    <skipped/>
  </testcase> <!-- ecLoanAmount -->
  <testcase classname="testCases.Test_001" name="ecInterest" time="0.0">
    <skipped/>
  </testcase> <!-- ecInterest -->
  <testcase classname="testCases.Test_001" name="ecLoanTenure" time="0.0">
    <skipped/>
  </testcase> <!-- ecLoanTenure -->
  <testcase classname="testCases.Test_001" name="ecFeesAndCharge" time="0.001">
    <skipped/>
  </testcase> <!-- ecFeesAndCharge -->
  <testcase classname="testCases.Test_001" name="verifyValidLoanAmountCalculator" time="0.001">
    <skipped/>
  </testcase> <!-- verifyValidLoanAmountCalculator -->
  <testcase classname="testCases.Test_001" name="lacEmi" time="0.0">
    <skipped/>
  </testcase> <!-- lacEmi -->
  <testcase classname="testCases.Test_001" name="lacInterest" time="0.001">
    <skipped/>
  </testcase> <!-- lacInterest -->
  <testcase classname="testCases.Test_001" name="lacLoanTenure" time="0.001">
    <skipped/>
  </testcase> <!-- lacLoanTenure -->
  <testcase classname="testCases.Test_001" name="lacFeesAndCharge" time="0.0">
    <skipped/>
  </testcase> <!-- lacFeesAndCharge -->
  <testcase classname="testCases.Test_001" name="verifyValidLoanTenureCalculator" time="0.0">
    <skipped/>
  </testcase> <!-- verifyValidLoanTenureCalculator -->
  <testcase classname="testCases.Test_001" name="ltcLoanAmount" time="0.0">
    <skipped/>
  </testcase> <!-- ltcLoanAmount -->
  <testcase classname="testCases.Test_001" name="ltcEmiAndInterest" time="0.0">
    <skipped/>
  </testcase> <!-- ltcEmiAndInterest -->
  <testcase classname="testCases.Test_001" name="ltcFees" time="0.0">
    <skipped/>
  </testcase> <!-- ltcFees -->
</testsuite> <!-- chromeTest -->
