<?xml version="1.0" encoding="UTF-8"?>
<!-- Generated by org.testng.reporters.JUnitXMLReporter -->
<testsuite ignored="0" hostname="LTIN189892" failures="0" tests="20" name="chromeTest" time="32.764" errors="0" timestamp="2024-03-06T00:50:05 IST">
  <testcase classname="testCases.BaseClass" name="@BeforeClass setup" time="30.423">
    <failure type="org.openqa.selenium.WebDriverException" message="unknown error: net::ERR_NAME_NOT_RESOLVED
  (Session info: chrome=120.0.6099.130)
Build info: version: &amp;apos;4.17.0&amp;apos;, revision: &amp;apos;e52b1be057*&amp;apos;
System info: os.name: &amp;apos;Windows 11&amp;apos;, os.arch: &amp;apos;amd64&amp;apos;, os.version: &amp;apos;10.0&amp;apos;, java.version: &amp;apos;17.0.2&amp;apos;
Driver info: org.openqa.selenium.chrome.ChromeDriver
Command: [6454c4159885e1f78a332553e1602ba6, get {url=https://emicalculator.net/}]
Capabilities {acceptInsecureCerts: false, browserName: chrome, browserVersion: 120.0.6099.130, chrome: {chromedriverVersion: 120.0.6099.109 (3419140ab66..., userDataDir: C:\Users\2303846\AppData\Lo...}, fedcm:accounts: true, goog:chromeOptions: {debuggerAddress: localhost:54522}, networkConnectionEnabled: false, pageLoadStrategy: normal, platformName: windows, proxy: Proxy(), se:cdp: ws://localhost:54522/devtoo..., se:cdpVersion: 120.0.6099.130, setWindowRect: true, strictFileInteractability: false, timeouts: {implicit: 0, pageLoad: 300000, script: 30000}, unhandledPromptBehavior: dismiss and notify, webauthn:extension:credBlob: true, webauthn:extension:largeBlob: true, webauthn:extension:minPinLength: true, webauthn:extension:prf: true, webauthn:virtualAuthenticators: true}
Session ID: 6454c4159885e1f78a332553e1602ba6">
      <![CDATA[org.openqa.selenium.WebDriverException: unknown error: net::ERR_NAME_NOT_RESOLVED
  (Session info: chrome=120.0.6099.130)
Build info: version: '4.17.0', revision: 'e52b1be057*'
System info: os.name: 'Windows 11', os.arch: 'amd64', os.version: '10.0', java.version: '17.0.2'
Driver info: org.openqa.selenium.chrome.ChromeDriver
Command: [6454c4159885e1f78a332553e1602ba6, get {url=https://emicalculator.net/}]
Capabilities {acceptInsecureCerts: false, browserName: chrome, browserVersion: 120.0.6099.130, chrome: {chromedriverVersion: 120.0.6099.109 (3419140ab66..., userDataDir: C:\Users\2303846\AppData\Lo...}, fedcm:accounts: true, goog:chromeOptions: {debuggerAddress: localhost:54522}, networkConnectionEnabled: false, pageLoadStrategy: normal, platformName: windows, proxy: Proxy(), se:cdp: ws://localhost:54522/devtoo..., se:cdpVersion: 120.0.6099.130, setWindowRect: true, strictFileInteractability: false, timeouts: {implicit: 0, pageLoad: 300000, script: 30000}, unhandledPromptBehavior: dismiss and notify, webauthn:extension:credBlob: true, webauthn:extension:largeBlob: true, webauthn:extension:minPinLength: true, webauthn:extension:prf: true, webauthn:virtualAuthenticators: true}
Session ID: 6454c4159885e1f78a332553e1602ba6
at org.openqa.selenium.remote.codec.w3c.W3CHttpResponseCodec.createException(W3CHttpResponseCodec.java:185)
at org.openqa.selenium.remote.codec.w3c.W3CHttpResponseCodec.decode(W3CHttpResponseCodec.java:134)
at org.openqa.selenium.remote.codec.w3c.W3CHttpResponseCodec.decode(W3CHttpResponseCodec.java:51)
at org.openqa.selenium.remote.HttpCommandExecutor.execute(HttpCommandExecutor.java:190)
at org.openqa.selenium.remote.service.DriverCommandExecutor.invokeExecute(DriverCommandExecutor.java:216)
at org.openqa.selenium.remote.service.DriverCommandExecutor.execute(DriverCommandExecutor.java:174)
at org.openqa.selenium.remote.RemoteWebDriver.execute(RemoteWebDriver.java:519)
at org.openqa.selenium.remote.RemoteWebDriver.get(RemoteWebDriver.java:301)
at testCases.BaseClass.setup(BaseClass.java:70)
at java.base/java.util.ArrayList.forEach(ArrayList.java:1511)
... Removed 34 stack frames]]>
    </failure>
  </testcase> <!-- @BeforeClass setup -->
  <testcase classname="testCases.BaseClass" name="@AfterClass teardown" time="0.0">
    <skipped/>
  </testcase> <!-- @AfterClass teardown -->
  <testcase classname="testCases.Test_001" name="verifyValidCarWebPage" time="0.0">
    <skipped/>
  </testcase> <!-- verifyValidCarWebPage -->
  <testcase classname="testCases.Test_001" name="dataFillingInCarLoan" time="0.001">
    <skipped/>
  </testcase> <!-- dataFillingInCarLoan -->
  <testcase classname="testCases.Test_001" name="verifyValidHomeWebPage" time="0.0">
    <skipped/>
  </testcase> <!-- verifyValidHomeWebPage -->
  <testcase classname="testCases.Test_001" name="uiHomeLoanEmiCalculator" time="0.001">
    <skipped/>
  </testcase> <!-- uiHomeLoanEmiCalculator -->
  <testcase classname="testCases.Test_001" name="uiHomeOwnerExpenses" time="0.0">
    <skipped/>
  </testcase> <!-- uiHomeOwnerExpenses -->
  <testcase classname="testCases.Test_001" name="dataFillingInHomeLoan" time="0.0">
    <skipped/>
  </testcase> <!-- dataFillingInHomeLoan -->
  <testcase classname="testCases.Test_001" name="verifyValidLoanWebPage" time="0.0">
    <skipped/>
  </testcase> <!-- verifyValidLoanWebPage -->
  <testcase classname="testCases.Test_001" name="ecLoanAmount" time="0.0">
    <skipped/>
  </testcase> <!-- ecLoanAmount -->
  <testcase classname="testCases.Test_001" name="ecInterest" time="0.0">
    <skipped/>
  </testcase> <!-- ecInterest -->
  <testcase classname="testCases.Test_001" name="ecLoanTenure" time="0.0">
    <skipped/>
  </testcase> <!-- ecLoanTenure -->
  <testcase classname="testCases.Test_001" name="ecFeesAndCharge" time="0.0">
    <skipped/>
  </testcase> <!-- ecFeesAndCharge -->
  <testcase classname="testCases.Test_001" name="verifyValidLoanAmountCalculator" time="0.0">
    <skipped/>
  </testcase> <!-- verifyValidLoanAmountCalculator -->
  <testcase classname="testCases.Test_001" name="lacEmi" time="0.0">
    <skipped/>
  </testcase> <!-- lacEmi -->
  <testcase classname="testCases.Test_001" name="lacInterest" time="0.0">
    <skipped/>
  </testcase> <!-- lacInterest -->
  <testcase classname="testCases.Test_001" name="lacLoanTenure" time="0.0">
    <skipped/>
  </testcase> <!-- lacLoanTenure -->
  <testcase classname="testCases.Test_001" name="lacFeesAndCharge" time="0.0">
    <skipped/>
  </testcase> <!-- lacFeesAndCharge -->
  <testcase classname="testCases.Test_001" name="verifyValidLoanTenureCalculator" time="0.0">
    <skipped/>
  </testcase> <!-- verifyValidLoanTenureCalculator -->
  <testcase classname="testCases.Test_001" name="ltcLoanAmount" time="0.0">
    <skipped/>
  </testcase> <!-- ltcLoanAmount -->
  <testcase classname="testCases.Test_001" name="ltcEmiAndInterest" time="0.0">
    <skipped/>
  </testcase> <!-- ltcEmiAndInterest -->
  <testcase classname="testCases.Test_001" name="ltcFees" time="0.0">
    <skipped/>
  </testcase> <!-- ltcFees -->
</testsuite> <!-- chromeTest -->
