<?xml version="1.0" encoding="UTF-8"?>
<!-- Generated by org.testng.reporters.JUnitReportReporter -->
<testsuite hostname="LTIN189892" failures="0" tests="41" name="testCases.Test_001" time="318.192" errors="1" timestamp="2024-03-05T22:06:25 IST" skipped="20">
  <testcase classname="testCases.Test_001" name="setup" time="185.097">
    <error message="Could not start a new session. Possible causes are invalid address of the remote server or browser start-up failure. 
Host info: host: &#039;LTIN189892&#039;, ip: &#039;192.168.1.35&#039;" type="org.openqa.selenium.SessionNotCreatedException">
      <![CDATA[org.openqa.selenium.SessionNotCreatedException: Could not start a new session. Possible causes are invalid address of the remote server or browser start-up failure. 
Host info: host: 'LTIN189892', ip: '192.168.1.35'
at org.openqa.selenium.remote.RemoteWebDriver.execute(RemoteWebDriver.java:537)
at org.openqa.selenium.remote.RemoteWebDriver.startSession(RemoteWebDriver.java:233)
at org.openqa.selenium.remote.RemoteWebDriver.<init>(RemoteWebDriver.java:162)
at org.openqa.selenium.remote.RemoteWebDriver.<init>(RemoteWebDriver.java:142)
at testCases.BaseClass.setup(BaseClass.java:58)
at java.base/jdk.internal.reflect.NativeMethodAccessorImpl.invoke0(Native Method)
at java.base/jdk.internal.reflect.NativeMethodAccessorImpl.invoke(NativeMethodAccessorImpl.java:77)
at java.base/jdk.internal.reflect.DelegatingMethodAccessorImpl.invoke(DelegatingMethodAccessorImpl.java:43)
at java.base/java.lang.reflect.Method.invoke(Method.java:568)
at org.testng.internal.invokers.MethodInvocationHelper.invokeMethod(MethodInvocationHelper.java:139)
at org.testng.internal.invokers.MethodInvocationHelper.invokeMethodConsideringTimeout(MethodInvocationHelper.java:69)
at org.testng.internal.invokers.ConfigInvoker.invokeConfigurationMethod(ConfigInvoker.java:393)
at org.testng.internal.invokers.ConfigInvoker.invokeConfigurations(ConfigInvoker.java:326)
at org.testng.internal.invokers.TestMethodWorker.invokeBeforeClassMethods(TestMethodWorker.java:180)
at org.testng.internal.invokers.TestMethodWorker.run(TestMethodWorker.java:122)
at java.base/java.util.ArrayList.forEach(ArrayList.java:1511)
at org.testng.TestRunner.privateRun(TestRunner.java:819)
at org.testng.TestRunner.run(TestRunner.java:619)
at org.testng.SuiteRunner.runTest(SuiteRunner.java:443)
at org.testng.SuiteRunner.runSequentially(SuiteRunner.java:437)
at org.testng.SuiteRunner.privateRun(SuiteRunner.java:397)
at org.testng.SuiteRunner.run(SuiteRunner.java:336)
at org.testng.SuiteRunnerWorker.runSuite(SuiteRunnerWorker.java:52)
at org.testng.SuiteRunnerWorker.run(SuiteRunnerWorker.java:95)
at org.testng.TestNG.runSuitesSequentially(TestNG.java:1301)
at org.testng.TestNG.runSuitesLocally(TestNG.java:1228)
at org.testng.TestNG.runSuites(TestNG.java:1134)
at org.testng.TestNG.run(TestNG.java:1101)
at org.testng.remote.AbstractRemoteTestNG.run(AbstractRemoteTestNG.java:115)
at org.testng.remote.RemoteTestNG.initAndRun(RemoteTestNG.java:251)
at org.testng.remote.RemoteTestNG.main(RemoteTestNG.java:77)
Caused by: org.openqa.selenium.TimeoutException: java.util.concurrent.TimeoutException
Build info: version: '4.17.0', revision: 'e52b1be057*'
System info: os.name: 'Windows 11', os.arch: 'amd64', os.version: '10.0', java.version: '17.0.9'
Driver info: driver.version: RemoteWebDriver
at org.openqa.selenium.remote.http.jdk.JdkHttpClient.execute0(JdkHttpClient.java:402)
at org.openqa.selenium.remote.http.AddSeleniumUserAgent.lambda$apply$0(AddSeleniumUserAgent.java:42)
at org.openqa.selenium.remote.http.Filter.lambda$andFinally$1(Filter.java:55)
at org.openqa.selenium.remote.http.jdk.JdkHttpClient.execute(JdkHttpClient.java:358)
at org.openqa.selenium.remote.tracing.TracedHttpClient.execute(TracedHttpClient.java:54)
at org.openqa.selenium.remote.ProtocolHandshake.createSession(ProtocolHandshake.java:114)
at org.openqa.selenium.remote.ProtocolHandshake.createSession(ProtocolHandshake.java:95)
at org.openqa.selenium.remote.ProtocolHandshake.createSession(ProtocolHandshake.java:67)
at org.openqa.selenium.remote.HttpCommandExecutor.execute(HttpCommandExecutor.java:162)
at org.openqa.selenium.remote.TracedCommandExecutor.execute(TracedCommandExecutor.java:51)
at org.openqa.selenium.remote.RemoteWebDriver.execute(RemoteWebDriver.java:519)
... 30 more
Caused by: java.util.concurrent.TimeoutException
at java.base/java.util.concurrent.CompletableFuture.timedGet(CompletableFuture.java:1960)
at java.base/java.util.concurrent.CompletableFuture.get(CompletableFuture.java:2095)
at org.openqa.selenium.remote.http.jdk.JdkHttpClient.execute0(JdkHttpClient.java:385)
... 40 more
]]>
    </error>
  </testcase> <!-- setup -->
  <testcase classname="testCases.Test_001" name="verifyValidCarWebPage" time="3.063"/>
  <testcase classname="testCases.Test_001" name="verifyValidCarWebPage" time="0.000">
    <skipped/>
  </testcase> <!-- verifyValidCarWebPage -->
  <testcase classname="testCases.Test_001" name="dataFillingInCarLoan" time="0.000">
    <skipped/>
  </testcase> <!-- dataFillingInCarLoan -->
  <testcase classname="testCases.Test_001" name="dataFillingInCarLoan" time="6.682"/>
  <testcase classname="testCases.Test_001" name="verifyValidHomeWebPage" time="3.604"/>
  <testcase classname="testCases.Test_001" name="verifyValidHomeWebPage" time="0.001">
    <skipped/>
  </testcase> <!-- verifyValidHomeWebPage -->
  <testcase classname="testCases.Test_001" name="uiHomeLoanEmiCalculator" time="0.000">
    <skipped/>
  </testcase> <!-- uiHomeLoanEmiCalculator -->
  <testcase classname="testCases.Test_001" name="uiHomeLoanEmiCalculator" time="4.363"/>
  <testcase classname="testCases.Test_001" name="uiHomeOwnerExpenses" time="2.905"/>
  <testcase classname="testCases.Test_001" name="uiHomeOwnerExpenses" time="0.001">
    <skipped/>
  </testcase> <!-- uiHomeOwnerExpenses -->
  <testcase classname="testCases.Test_001" name="dataFillingInHomeLoan" time="81.951"/>
  <testcase classname="testCases.Test_001" name="dataFillingInHomeLoan" time="0.001">
    <skipped/>
  </testcase> <!-- dataFillingInHomeLoan -->
  <testcase classname="testCases.Test_001" name="verifyValidLoanWebPage" time="0.001">
    <skipped/>
  </testcase> <!-- verifyValidLoanWebPage -->
  <testcase classname="testCases.Test_001" name="verifyValidLoanWebPage" time="3.276"/>
  <testcase classname="testCases.Test_001" name="ecLoanAmount" time="2.085"/>
  <testcase classname="testCases.Test_001" name="ecLoanAmount" time="0.001">
    <skipped/>
  </testcase> <!-- ecLoanAmount -->
  <testcase classname="testCases.Test_001" name="ecInterest" time="1.790"/>
  <testcase classname="testCases.Test_001" name="ecInterest" time="0.000">
    <skipped/>
  </testcase> <!-- ecInterest -->
  <testcase classname="testCases.Test_001" name="ecLoanTenure" time="0.000">
    <skipped/>
  </testcase> <!-- ecLoanTenure -->
  <testcase classname="testCases.Test_001" name="ecLoanTenure" time="2.906"/>
  <testcase classname="testCases.Test_001" name="ecFeesAndCharge" time="1.797"/>
  <testcase classname="testCases.Test_001" name="ecFeesAndCharge" time="0.001">
    <skipped/>
  </testcase> <!-- ecFeesAndCharge -->
  <testcase classname="testCases.Test_001" name="verifyValidLoanAmountCalculator" time="1.668"/>
  <testcase classname="testCases.Test_001" name="verifyValidLoanAmountCalculator" time="0.001">
    <skipped/>
  </testcase> <!-- verifyValidLoanAmountCalculator -->
  <testcase classname="testCases.Test_001" name="lacEmi" time="1.526"/>
  <testcase classname="testCases.Test_001" name="lacEmi" time="0.000">
    <skipped/>
  </testcase> <!-- lacEmi -->
  <testcase classname="testCases.Test_001" name="lacInterest" time="0.001">
    <skipped/>
  </testcase> <!-- lacInterest -->
  <testcase classname="testCases.Test_001" name="lacInterest" time="1.491"/>
  <testcase classname="testCases.Test_001" name="lacLoanTenure" time="3.492"/>
  <testcase classname="testCases.Test_001" name="lacLoanTenure" time="0.001">
    <skipped/>
  </testcase> <!-- lacLoanTenure -->
  <testcase classname="testCases.Test_001" name="lacFeesAndCharge" time="1.800"/>
  <testcase classname="testCases.Test_001" name="lacFeesAndCharge" time="0.000">
    <skipped/>
  </testcase> <!-- lacFeesAndCharge -->
  <testcase classname="testCases.Test_001" name="verifyValidLoanTenureCalculator" time="2.346"/>
  <testcase classname="testCases.Test_001" name="verifyValidLoanTenureCalculator" time="0.000">
    <skipped/>
  </testcase> <!-- verifyValidLoanTenureCalculator -->
  <testcase classname="testCases.Test_001" name="ltcLoanAmount" time="0.000">
    <skipped/>
  </testcase> <!-- ltcLoanAmount -->
  <testcase classname="testCases.Test_001" name="ltcLoanAmount" time="1.882"/>
  <testcase classname="testCases.Test_001" name="ltcEmiAndInterest" time="3.022"/>
  <testcase classname="testCases.Test_001" name="ltcEmiAndInterest" time="0.000">
    <skipped/>
  </testcase> <!-- ltcEmiAndInterest -->
  <testcase classname="testCases.Test_001" name="ltcFees" time="0.000">
    <skipped/>
  </testcase> <!-- ltcFees -->
  <testcase classname="testCases.Test_001" name="ltcFees" time="1.437"/>
</testsuite> <!-- testCases.Test_001 -->
