<?xml version="1.0" encoding="UTF-8"?>
<!-- Generated by org.testng.reporters.JUnitReportReporter -->
<testsuite hostname="LTIN189892" failures="0" tests="42" name="testCases.Test_001" time="66.400" errors="2" timestamp="2024-03-06T00:51:06 IST" skipped="40">
  <testcase classname="testCases.Test_001" name="setup" time="35.972">
    <error message="unknown error: net::ERR_INTERNET_DISCONNECTED
  (Session info: MicrosoftEdge=122.0.2365.66)
Build info: version: &#039;4.17.0&#039;, revision: &#039;e52b1be057*&#039;
System info: os.name: &#039;Windows 11&#039;, os.arch: &#039;amd64&#039;, os.version: &#039;10.0&#039;, java.version: &#039;17.0.2&#039;
Driver info: org.openqa.selenium.edge.EdgeDriver
Command: [5c47581ae4d6ff0c956da1d47bf23680, get {url=https://emicalculator.net/}]
Capabilities {acceptInsecureCerts: false, browserName: MicrosoftEdge, browserVersion: 122.0.2365.66, fedcm:accounts: true, ms:edgeOptions: {debuggerAddress: localhost:54563}, msedge: {msedgedriverVersion: 122.0.2365.66 (ab363614b8f0..., userDataDir: C:\Users\2303846\AppData\Lo...}, networkConnectionEnabled: false, pageLoadStrategy: normal, platformName: windows, proxy: Proxy(), se:cdp: ws://localhost:54563/devtoo..., se:cdpVersion: 122.0.2365.66, setWindowRect: true, strictFileInteractability: false, timeouts: {implicit: 0, pageLoad: 300000, script: 30000}, unhandledPromptBehavior: dismiss and notify, webauthn:extension:credBlob: true, webauthn:extension:largeBlob: true, webauthn:extension:minPinLength: true, webauthn:extension:prf: true, webauthn:virtualAuthenticators: true}
Session ID: 5c47581ae4d6ff0c956da1d47bf23680" type="org.openqa.selenium.WebDriverException">
      <![CDATA[org.openqa.selenium.WebDriverException: unknown error: net::ERR_INTERNET_DISCONNECTED
  (Session info: MicrosoftEdge=122.0.2365.66)
Build info: version: '4.17.0', revision: 'e52b1be057*'
System info: os.name: 'Windows 11', os.arch: 'amd64', os.version: '10.0', java.version: '17.0.2'
Driver info: org.openqa.selenium.edge.EdgeDriver
Command: [5c47581ae4d6ff0c956da1d47bf23680, get {url=https://emicalculator.net/}]
Capabilities {acceptInsecureCerts: false, browserName: MicrosoftEdge, browserVersion: 122.0.2365.66, fedcm:accounts: true, ms:edgeOptions: {debuggerAddress: localhost:54563}, msedge: {msedgedriverVersion: 122.0.2365.66 (ab363614b8f0..., userDataDir: C:\Users\2303846\AppData\Lo...}, networkConnectionEnabled: false, pageLoadStrategy: normal, platformName: windows, proxy: Proxy(), se:cdp: ws://localhost:54563/devtoo..., se:cdpVersion: 122.0.2365.66, setWindowRect: true, strictFileInteractability: false, timeouts: {implicit: 0, pageLoad: 300000, script: 30000}, unhandledPromptBehavior: dismiss and notify, webauthn:extension:credBlob: true, webauthn:extension:largeBlob: true, webauthn:extension:minPinLength: true, webauthn:extension:prf: true, webauthn:virtualAuthenticators: true}
Session ID: 5c47581ae4d6ff0c956da1d47bf23680
at java.base/jdk.internal.reflect.NativeConstructorAccessorImpl.newInstance0(Native Method)
at java.base/jdk.internal.reflect.NativeConstructorAccessorImpl.newInstance(NativeConstructorAccessorImpl.java:77)
at java.base/jdk.internal.reflect.DelegatingConstructorAccessorImpl.newInstance(DelegatingConstructorAccessorImpl.java:45)
at java.base/java.lang.reflect.Constructor.newInstanceWithCaller(Constructor.java:499)
at java.base/java.lang.reflect.Constructor.newInstance(Constructor.java:480)
at org.openqa.selenium.remote.codec.w3c.W3CHttpResponseCodec.createException(W3CHttpResponseCodec.java:185)
at org.openqa.selenium.remote.codec.w3c.W3CHttpResponseCodec.decode(W3CHttpResponseCodec.java:134)
at org.openqa.selenium.remote.codec.w3c.W3CHttpResponseCodec.decode(W3CHttpResponseCodec.java:51)
at org.openqa.selenium.remote.HttpCommandExecutor.execute(HttpCommandExecutor.java:190)
at org.openqa.selenium.remote.service.DriverCommandExecutor.invokeExecute(DriverCommandExecutor.java:216)
at org.openqa.selenium.remote.service.DriverCommandExecutor.execute(DriverCommandExecutor.java:174)
at org.openqa.selenium.remote.RemoteWebDriver.execute(RemoteWebDriver.java:519)
at org.openqa.selenium.remote.RemoteWebDriver.get(RemoteWebDriver.java:301)
at testCases.BaseClass.setup(BaseClass.java:70)
at java.base/jdk.internal.reflect.NativeMethodAccessorImpl.invoke0(Native Method)
at java.base/jdk.internal.reflect.NativeMethodAccessorImpl.invoke(NativeMethodAccessorImpl.java:77)
at java.base/jdk.internal.reflect.DelegatingMethodAccessorImpl.invoke(DelegatingMethodAccessorImpl.java:43)
at java.base/java.lang.reflect.Method.invoke(Method.java:568)
at org.testng.internal.invokers.MethodInvocationHelper.invokeMethod(MethodInvocationHelper.java:139)
at org.testng.internal.invokers.MethodInvocationHelper.invokeMethodConsideringTimeout(MethodInvocationHelper.java:69)
at org.testng.internal.invokers.ConfigInvoker.invokeConfigurationMethod(ConfigInvoker.java:393)
at org.testng.internal.invokers.ConfigInvoker.invokeConfigurations(ConfigInvoker.java:326)
at org.testng.internal.invokers.TestMethodWorker.invokeBeforeClassMethods(TestMethodWorker.java:180)
at org.testng.internal.invokers.TestMethodWorker.run(TestMethodWorker.java:122)
at java.base/java.util.ArrayList.forEach(ArrayList.java:1511)
at org.testng.TestRunner.privateRun(TestRunner.java:819)
at org.testng.TestRunner.run(TestRunner.java:619)
at org.testng.SuiteRunner.runTest(SuiteRunner.java:443)
at org.testng.SuiteRunner.runSequentially(SuiteRunner.java:437)
at org.testng.SuiteRunner.privateRun(SuiteRunner.java:397)
at org.testng.SuiteRunner.run(SuiteRunner.java:336)
at org.testng.SuiteRunnerWorker.runSuite(SuiteRunnerWorker.java:52)
at org.testng.SuiteRunnerWorker.run(SuiteRunnerWorker.java:95)
at org.testng.TestNG.runSuitesSequentially(TestNG.java:1301)
at org.testng.TestNG.runSuitesLocally(TestNG.java:1228)
at org.testng.TestNG.runSuites(TestNG.java:1134)
at org.testng.TestNG.run(TestNG.java:1101)
at org.apache.maven.surefire.testng.TestNGExecutor.run(TestNGExecutor.java:308)
at org.apache.maven.surefire.testng.TestNGXmlTestSuite.execute(TestNGXmlTestSuite.java:71)
at org.apache.maven.surefire.testng.TestNGProvider.invoke(TestNGProvider.java:113)
at org.apache.maven.surefire.booter.ForkedBooter.runSuitesInProcess(ForkedBooter.java:385)
at org.apache.maven.surefire.booter.ForkedBooter.execute(ForkedBooter.java:162)
at org.apache.maven.surefire.booter.ForkedBooter.run(ForkedBooter.java:507)
at org.apache.maven.surefire.booter.ForkedBooter.main(ForkedBooter.java:495)
]]>
    </error>
  </testcase> <!-- setup -->
  <testcase classname="testCases.Test_001" name="setup" time="30.423">
    <error message="unknown error: net::ERR_NAME_NOT_RESOLVED
  (Session info: chrome=120.0.6099.130)
Build info: version: &#039;4.17.0&#039;, revision: &#039;e52b1be057*&#039;
System info: os.name: &#039;Windows 11&#039;, os.arch: &#039;amd64&#039;, os.version: &#039;10.0&#039;, java.version: &#039;17.0.2&#039;
Driver info: org.openqa.selenium.chrome.ChromeDriver
Command: [6454c4159885e1f78a332553e1602ba6, get {url=https://emicalculator.net/}]
Capabilities {acceptInsecureCerts: false, browserName: chrome, browserVersion: 120.0.6099.130, chrome: {chromedriverVersion: 120.0.6099.109 (3419140ab66..., userDataDir: C:\Users\2303846\AppData\Lo...}, fedcm:accounts: true, goog:chromeOptions: {debuggerAddress: localhost:54522}, networkConnectionEnabled: false, pageLoadStrategy: normal, platformName: windows, proxy: Proxy(), se:cdp: ws://localhost:54522/devtoo..., se:cdpVersion: 120.0.6099.130, setWindowRect: true, strictFileInteractability: false, timeouts: {implicit: 0, pageLoad: 300000, script: 30000}, unhandledPromptBehavior: dismiss and notify, webauthn:extension:credBlob: true, webauthn:extension:largeBlob: true, webauthn:extension:minPinLength: true, webauthn:extension:prf: true, webauthn:virtualAuthenticators: true}
Session ID: 6454c4159885e1f78a332553e1602ba6" type="org.openqa.selenium.WebDriverException">
      <![CDATA[org.openqa.selenium.WebDriverException: unknown error: net::ERR_NAME_NOT_RESOLVED
  (Session info: chrome=120.0.6099.130)
Build info: version: '4.17.0', revision: 'e52b1be057*'
System info: os.name: 'Windows 11', os.arch: 'amd64', os.version: '10.0', java.version: '17.0.2'
Driver info: org.openqa.selenium.chrome.ChromeDriver
Command: [6454c4159885e1f78a332553e1602ba6, get {url=https://emicalculator.net/}]
Capabilities {acceptInsecureCerts: false, browserName: chrome, browserVersion: 120.0.6099.130, chrome: {chromedriverVersion: 120.0.6099.109 (3419140ab66..., userDataDir: C:\Users\2303846\AppData\Lo...}, fedcm:accounts: true, goog:chromeOptions: {debuggerAddress: localhost:54522}, networkConnectionEnabled: false, pageLoadStrategy: normal, platformName: windows, proxy: Proxy(), se:cdp: ws://localhost:54522/devtoo..., se:cdpVersion: 120.0.6099.130, setWindowRect: true, strictFileInteractability: false, timeouts: {implicit: 0, pageLoad: 300000, script: 30000}, unhandledPromptBehavior: dismiss and notify, webauthn:extension:credBlob: true, webauthn:extension:largeBlob: true, webauthn:extension:minPinLength: true, webauthn:extension:prf: true, webauthn:virtualAuthenticators: true}
Session ID: 6454c4159885e1f78a332553e1602ba6
at java.base/jdk.internal.reflect.NativeConstructorAccessorImpl.newInstance0(Native Method)
at java.base/jdk.internal.reflect.NativeConstructorAccessorImpl.newInstance(NativeConstructorAccessorImpl.java:77)
at java.base/jdk.internal.reflect.DelegatingConstructorAccessorImpl.newInstance(DelegatingConstructorAccessorImpl.java:45)
at java.base/java.lang.reflect.Constructor.newInstanceWithCaller(Constructor.java:499)
at java.base/java.lang.reflect.Constructor.newInstance(Constructor.java:480)
at org.openqa.selenium.remote.codec.w3c.W3CHttpResponseCodec.createException(W3CHttpResponseCodec.java:185)
at org.openqa.selenium.remote.codec.w3c.W3CHttpResponseCodec.decode(W3CHttpResponseCodec.java:134)
at org.openqa.selenium.remote.codec.w3c.W3CHttpResponseCodec.decode(W3CHttpResponseCodec.java:51)
at org.openqa.selenium.remote.HttpCommandExecutor.execute(HttpCommandExecutor.java:190)
at org.openqa.selenium.remote.service.DriverCommandExecutor.invokeExecute(DriverCommandExecutor.java:216)
at org.openqa.selenium.remote.service.DriverCommandExecutor.execute(DriverCommandExecutor.java:174)
at org.openqa.selenium.remote.RemoteWebDriver.execute(RemoteWebDriver.java:519)
at org.openqa.selenium.remote.RemoteWebDriver.get(RemoteWebDriver.java:301)
at testCases.BaseClass.setup(BaseClass.java:70)
at java.base/jdk.internal.reflect.NativeMethodAccessorImpl.invoke0(Native Method)
at java.base/jdk.internal.reflect.NativeMethodAccessorImpl.invoke(NativeMethodAccessorImpl.java:77)
at java.base/jdk.internal.reflect.DelegatingMethodAccessorImpl.invoke(DelegatingMethodAccessorImpl.java:43)
at java.base/java.lang.reflect.Method.invoke(Method.java:568)
at org.testng.internal.invokers.MethodInvocationHelper.invokeMethod(MethodInvocationHelper.java:139)
at org.testng.internal.invokers.MethodInvocationHelper.invokeMethodConsideringTimeout(MethodInvocationHelper.java:69)
at org.testng.internal.invokers.ConfigInvoker.invokeConfigurationMethod(ConfigInvoker.java:393)
at org.testng.internal.invokers.ConfigInvoker.invokeConfigurations(ConfigInvoker.java:326)
at org.testng.internal.invokers.TestMethodWorker.invokeBeforeClassMethods(TestMethodWorker.java:180)
at org.testng.internal.invokers.TestMethodWorker.run(TestMethodWorker.java:122)
at java.base/java.util.ArrayList.forEach(ArrayList.java:1511)
at org.testng.TestRunner.privateRun(TestRunner.java:819)
at org.testng.TestRunner.run(TestRunner.java:619)
at org.testng.SuiteRunner.runTest(SuiteRunner.java:443)
at org.testng.SuiteRunner.runSequentially(SuiteRunner.java:437)
at org.testng.SuiteRunner.privateRun(SuiteRunner.java:397)
at org.testng.SuiteRunner.run(SuiteRunner.java:336)
at org.testng.SuiteRunnerWorker.runSuite(SuiteRunnerWorker.java:52)
at org.testng.SuiteRunnerWorker.run(SuiteRunnerWorker.java:95)
at org.testng.TestNG.runSuitesSequentially(TestNG.java:1301)
at org.testng.TestNG.runSuitesLocally(TestNG.java:1228)
at org.testng.TestNG.runSuites(TestNG.java:1134)
at org.testng.TestNG.run(TestNG.java:1101)
at org.apache.maven.surefire.testng.TestNGExecutor.run(TestNGExecutor.java:308)
at org.apache.maven.surefire.testng.TestNGXmlTestSuite.execute(TestNGXmlTestSuite.java:71)
at org.apache.maven.surefire.testng.TestNGProvider.invoke(TestNGProvider.java:113)
at org.apache.maven.surefire.booter.ForkedBooter.runSuitesInProcess(ForkedBooter.java:385)
at org.apache.maven.surefire.booter.ForkedBooter.execute(ForkedBooter.java:162)
at org.apache.maven.surefire.booter.ForkedBooter.run(ForkedBooter.java:507)
at org.apache.maven.surefire.booter.ForkedBooter.main(ForkedBooter.java:495)
]]>
    </error>
  </testcase> <!-- setup -->
  <testcase classname="testCases.Test_001" name="verifyValidCarWebPage" time="0.000">
    <skipped/>
  </testcase> <!-- verifyValidCarWebPage -->
  <testcase classname="testCases.Test_001" name="verifyValidCarWebPage" time="0.000">
    <skipped/>
  </testcase> <!-- verifyValidCarWebPage -->
  <testcase classname="testCases.Test_001" name="dataFillingInCarLoan" time="0.000">
    <skipped/>
  </testcase> <!-- dataFillingInCarLoan -->
  <testcase classname="testCases.Test_001" name="dataFillingInCarLoan" time="0.001">
    <skipped/>
  </testcase> <!-- dataFillingInCarLoan -->
  <testcase classname="testCases.Test_001" name="verifyValidHomeWebPage" time="0.000">
    <skipped/>
  </testcase> <!-- verifyValidHomeWebPage -->
  <testcase classname="testCases.Test_001" name="verifyValidHomeWebPage" time="0.001">
    <skipped/>
  </testcase> <!-- verifyValidHomeWebPage -->
  <testcase classname="testCases.Test_001" name="uiHomeLoanEmiCalculator" time="0.001">
    <skipped/>
  </testcase> <!-- uiHomeLoanEmiCalculator -->
  <testcase classname="testCases.Test_001" name="uiHomeLoanEmiCalculator" time="0.000">
    <skipped/>
  </testcase> <!-- uiHomeLoanEmiCalculator -->
  <testcase classname="testCases.Test_001" name="uiHomeOwnerExpenses" time="0.000">
    <skipped/>
  </testcase> <!-- uiHomeOwnerExpenses -->
  <testcase classname="testCases.Test_001" name="uiHomeOwnerExpenses" time="0.000">
    <skipped/>
  </testcase> <!-- uiHomeOwnerExpenses -->
  <testcase classname="testCases.Test_001" name="dataFillingInHomeLoan" time="0.000">
    <skipped/>
  </testcase> <!-- dataFillingInHomeLoan -->
  <testcase classname="testCases.Test_001" name="dataFillingInHomeLoan" time="0.000">
    <skipped/>
  </testcase> <!-- dataFillingInHomeLoan -->
  <testcase classname="testCases.Test_001" name="verifyValidLoanWebPage" time="0.001">
    <skipped/>
  </testcase> <!-- verifyValidLoanWebPage -->
  <testcase classname="testCases.Test_001" name="verifyValidLoanWebPage" time="0.000">
    <skipped/>
  </testcase> <!-- verifyValidLoanWebPage -->
  <testcase classname="testCases.Test_001" name="ecLoanAmount" time="0.000">
    <skipped/>
  </testcase> <!-- ecLoanAmount -->
  <testcase classname="testCases.Test_001" name="ecLoanAmount" time="0.000">
    <skipped/>
  </testcase> <!-- ecLoanAmount -->
  <testcase classname="testCases.Test_001" name="ecInterest" time="0.000">
    <skipped/>
  </testcase> <!-- ecInterest -->
  <testcase classname="testCases.Test_001" name="ecInterest" time="0.000">
    <skipped/>
  </testcase> <!-- ecInterest -->
  <testcase classname="testCases.Test_001" name="ecLoanTenure" time="0.000">
    <skipped/>
  </testcase> <!-- ecLoanTenure -->
  <testcase classname="testCases.Test_001" name="ecLoanTenure" time="0.000">
    <skipped/>
  </testcase> <!-- ecLoanTenure -->
  <testcase classname="testCases.Test_001" name="ecFeesAndCharge" time="0.001">
    <skipped/>
  </testcase> <!-- ecFeesAndCharge -->
  <testcase classname="testCases.Test_001" name="ecFeesAndCharge" time="0.000">
    <skipped/>
  </testcase> <!-- ecFeesAndCharge -->
  <testcase classname="testCases.Test_001" name="verifyValidLoanAmountCalculator" time="0.000">
    <skipped/>
  </testcase> <!-- verifyValidLoanAmountCalculator -->
  <testcase classname="testCases.Test_001" name="verifyValidLoanAmountCalculator" time="0.000">
    <skipped/>
  </testcase> <!-- verifyValidLoanAmountCalculator -->
  <testcase classname="testCases.Test_001" name="lacEmi" time="0.000">
    <skipped/>
  </testcase> <!-- lacEmi -->
  <testcase classname="testCases.Test_001" name="lacEmi" time="0.000">
    <skipped/>
  </testcase> <!-- lacEmi -->
  <testcase classname="testCases.Test_001" name="lacInterest" time="0.000">
    <skipped/>
  </testcase> <!-- lacInterest -->
  <testcase classname="testCases.Test_001" name="lacInterest" time="0.000">
    <skipped/>
  </testcase> <!-- lacInterest -->
  <testcase classname="testCases.Test_001" name="lacLoanTenure" time="0.000">
    <skipped/>
  </testcase> <!-- lacLoanTenure -->
  <testcase classname="testCases.Test_001" name="lacLoanTenure" time="0.000">
    <skipped/>
  </testcase> <!-- lacLoanTenure -->
  <testcase classname="testCases.Test_001" name="lacFeesAndCharge" time="0.000">
    <skipped/>
  </testcase> <!-- lacFeesAndCharge -->
  <testcase classname="testCases.Test_001" name="lacFeesAndCharge" time="0.000">
    <skipped/>
  </testcase> <!-- lacFeesAndCharge -->
  <testcase classname="testCases.Test_001" name="verifyValidLoanTenureCalculator" time="0.000">
    <skipped/>
  </testcase> <!-- verifyValidLoanTenureCalculator -->
  <testcase classname="testCases.Test_001" name="verifyValidLoanTenureCalculator" time="0.000">
    <skipped/>
  </testcase> <!-- verifyValidLoanTenureCalculator -->
  <testcase classname="testCases.Test_001" name="ltcLoanAmount" time="0.000">
    <skipped/>
  </testcase> <!-- ltcLoanAmount -->
  <testcase classname="testCases.Test_001" name="ltcLoanAmount" time="0.000">
    <skipped/>
  </testcase> <!-- ltcLoanAmount -->
  <testcase classname="testCases.Test_001" name="ltcEmiAndInterest" time="0.000">
    <skipped/>
  </testcase> <!-- ltcEmiAndInterest -->
  <testcase classname="testCases.Test_001" name="ltcEmiAndInterest" time="0.000">
    <skipped/>
  </testcase> <!-- ltcEmiAndInterest -->
  <testcase classname="testCases.Test_001" name="ltcFees" time="0.000">
    <skipped/>
  </testcase> <!-- ltcFees -->
  <testcase classname="testCases.Test_001" name="ltcFees" time="0.000">
    <skipped/>
  </testcase> <!-- ltcFees -->
</testsuite> <!-- testCases.Test_001 -->
